<?xml version="1.0" encoding="UTF-8"?>
<!-- Generated by org.testng.reporters.JUnitReportReporter -->
<testsuite hostname="AnbuPC" failures="0" tests="1" name="runner.TestRunner" time="0.378" errors="1" timestamp="2024-10-23T15:59:17 EDT" skipped="0">
  <testcase classname="runner.TestRunner" name="runScenario" time="0.378">
    <error message="Cannot invoke &quot;org.openqa.selenium.WebDriver.get(String)&quot; because &quot;this.driver&quot; is null" type="java.lang.NullPointerException">
      <![CDATA[java.lang.NullPointerException: Cannot invoke "org.openqa.selenium.WebDriver.get(String)" because "this.driver" is null
at pageFactory.LoginPage.getbaseurl(LoginPage.java:28)
at stepDefiniton.LoginSteps.admin_launch_the_browser(LoginSteps.java:32)
at âœ½.Admin launch the browser(file:///C:/Users/anbum/OneDrive/Desktop/Anbu/LMS_Hackathon/Team15-Web-Warriors/src/test/resources/features/Login.feature:5)
]]>
    </error>
  </testcase> <!-- runScenario -->
</testsuite> <!-- runner.TestRunner -->
