<?xml version="1.0" encoding="UTF-8"?>
<!-- Generated by org.testng.reporters.JUnitReportReporter -->
<testsuite hostname="ArpanaMac" failures="0" tests="4" name="runner.TestRunner" time="30.258" errors="0" timestamp="2024-10-28T19:18:12 PDT" skipped="0">
  <testcase classname="runner.TestRunner" name="runScenario" time="13.700"/>
  <testcase classname="runner.TestRunner" name="runScenario" time="10.372"/>
  <testcase classname="runner.TestRunner" name="runScenario" time="4.285"/>
  <testcase classname="runner.TestRunner" name="runScenario" time="1.901"/>
</testsuite> <!-- runner.TestRunner -->
