<?xml version="1.0" encoding="UTF-8"?>
<!-- Generated by org.testng.reporters.JUnitReportReporter -->
<testsuite hostname="LAPTOP-D5SVVGSV" failures="0" tests="11" name="runner.TestRunner" time="119.109" errors="0" timestamp="2024-10-24T12:45:34 EDT" skipped="0">
  <testcase classname="runner.TestRunner" name="runScenario" time="11.520"/>
  <testcase classname="runner.TestRunner" name="runScenario" time="11.418"/>
  <testcase classname="runner.TestRunner" name="runScenario" time="11.148"/>
  <testcase classname="runner.TestRunner" name="runScenario" time="11.152"/>
  <testcase classname="runner.TestRunner" name="runScenario" time="11.242"/>
  <testcase classname="runner.TestRunner" name="runScenario" time="5.261"/>
  <testcase classname="runner.TestRunner" name="runScenario" time="11.861"/>
  <testcase classname="runner.TestRunner" name="runScenario" time="11.388"/>
  <testcase classname="runner.TestRunner" name="runScenario" time="11.840"/>
  <testcase classname="runner.TestRunner" name="runScenario" time="11.128"/>
  <testcase classname="runner.TestRunner" name="runScenario" time="11.151"/>
</testsuite> <!-- runner.TestRunner -->
