<?xml version="1.0" encoding="UTF-8"?>
<!-- Generated by org.testng.reporters.JUnitReportReporter -->
<testsuite hostname="BOOK-9F2CNSJHB1" failures="0" tests="1" name="runner.TestRunner" time="5.013" errors="0" timestamp="2024-10-23T21:27:47 EDT" skipped="0">
  <testcase classname="runner.TestRunner" name="runScenario" time="5.013"/>
</testsuite> <!-- runner.TestRunner -->
