<?xml version="1.0" encoding="UTF-8"?>
<!-- Generated by org.testng.reporters.JUnitReportReporter -->
<testsuite hostname="AnbuPC" failures="0" tests="1" name="runner.TestRunner" time="6.518" errors="0" timestamp="2024-10-23T17:51:59 EDT" skipped="0">
  <testcase classname="runner.TestRunner" name="runScenario" time="6.518"/>
</testsuite> <!-- runner.TestRunner -->
